<?xml version="1.0" encoding="UTF-8"?>
<testsuites name="DataDrivenTestSuite" time="63.346" tests="3" failures="0" errors="0">
   <testsuite name="DataDrivenTestSuite" tests="3" failures="0" errors="0" time="63.346" timestamp="2020-02-28 19:40:27" hostname="Bijaya Chhetri - BijayaChhetri" id="Test Suites/DataDrivenTestSuite">
      <properties>
         <property name="deviceName" value=""/>
         <property name="devicePlatform" value=""/>
         <property name="logFolder" value="C:\\Users\\Bijaya Chhetri\\git\\KatalonTest\\Reports\\20200228_194021\\DataDrivenTestSuite\\20200228_194021"/>
         <property name="logFiles" value="C:\\Users\\Bijaya Chhetri\\git\\KatalonTest\\Reports\\20200228_194021\\DataDrivenTestSuite\\20200228_194021\\execution0.log"/>
         <property name="attachments" value=""/>
         <property name="hostName" value="Bijaya Chhetri - BijayaChhetri"/>
         <property name="os" value="Windows 10 64bit"/>
         <property name="katalonVersion" value="7.2.1.1"/>
         <property name="browser" value="Chrome 80.0.3987.122"/>
         <property name="hostAddress" value="192.168.99.1"/>
         <property name="sessionId" value="b36a08bf408cfd5c33460b8e95ca968e"/>
         <property name="seleniumVersion" value="3.141.59"/>
         <property name="proxyInformation" value="ProxyInformation{proxyOption=NO_PROXY, proxyServerType=HTTP, password=, proxyServerAddress=, proxyServerPort=0, executionList=}"/>
         <property name="platform" value="Windows 10"/>
      </properties>
      <testcase name="Test Cases/DataDriverTesting/DataDrivenFromExcel" time="22.044" classname="Test Cases/DataDriverTesting/DataDrivenFromExcel" status="PASSED">
         <system-out><![CDATA[2020-02-28 19:40:27 - [TEST_CASE][PASSED] - Test Cases/DataDriverTesting/DataDrivenFromExcel: Test Cases/DataDriverTesting/DataDrivenFromExcel

2020-02-28 19:40:27 - [TEST_STEP][PASSED] - openBrowser(""): Browser is opened with url: ''

2020-02-28 19:40:27 - [MESSAGE][INFO] - Starting 'Chrome' driver

2020-02-28 19:40:27 - [MESSAGE][INFO] - Action delay is set to 0 seconds

2020-02-28 19:40:33 - [MESSAGE][PASSED] - Browser is opened with url: ''

2020-02-28 19:40:33 - [TEST_STEP][PASSED] - navigateToUrl(url): Navigate to 'https://www.facebook.com/' successfully

2020-02-28 19:40:35 - [MESSAGE][PASSED] - Navigate to 'https://www.facebook.com/' successfully

2020-02-28 19:40:35 - [TEST_STEP][PASSED] - maximizeWindow(): Current window maximized

2020-02-28 19:40:39 - [MESSAGE][PASSED] - Current window maximized

2020-02-28 19:40:39 - [TEST_STEP][PASSED] - setText(findTestObject("Page_Facebook - Log In or Sign Up/input_concat(We Couldn  t Create Your Accou_c30576"), username): Text 'adam' is set on object 'Object Repository/Page_Facebook - Log In or Sign Up/input_concat(We Couldn  t Create Your Accou_c30576'

2020-02-28 19:40:39 - [MESSAGE][PASSED] - Text 'adam' is set on object 'Object Repository/Page_Facebook - Log In or Sign Up/input_concat(We Couldn  t Create Your Accou_c30576'

2020-02-28 19:40:39 - [TEST_STEP][PASSED] - delay(2): Delayed 2 second(s)

2020-02-28 19:40:41 - [MESSAGE][PASSED] - Delayed 2 second(s)

2020-02-28 19:40:41 - [TEST_STEP][PASSED] - Thread.sleep(3000): null

2020-02-28 19:40:44 - [TEST_STEP][PASSED] - setText(findTestObject("Page_Facebook - Log In or Sign Up/input_concat(We Couldn  t Create Your Accou_c7a02e"), pwd): Text 'adam123' is set on object 'Object Repository/Page_Facebook - Log In or Sign Up/input_concat(We Couldn  t Create Your Accou_c7a02e'

2020-02-28 19:40:45 - [MESSAGE][PASSED] - Text 'adam123' is set on object 'Object Repository/Page_Facebook - Log In or Sign Up/input_concat(We Couldn  t Create Your Accou_c7a02e'

2020-02-28 19:40:45 - [TEST_STEP][PASSED] - Thread.sleep(3000): null

2020-02-28 19:40:48 - [TEST_STEP][PASSED] - setText(findTestObject("Page_Facebook - Log In or Sign Up/input_concat(We Couldn  t Create Your Accou_b078a3"), "484111525"): Text '484111525' is set on object 'Object Repository/Page_Facebook - Log In or Sign Up/input_concat(We Couldn  t Create Your Accou_b078a3'

2020-02-28 19:40:48 - [MESSAGE][PASSED] - Text '484111525' is set on object 'Object Repository/Page_Facebook - Log In or Sign Up/input_concat(We Couldn  t Create Your Accou_b078a3'

2020-02-28 19:40:48 - [TEST_STEP][PASSED] - closeBrowser(): Browser is closed

2020-02-28 19:40:49 - [MESSAGE][PASSED] - Browser is closed]]></system-out>
         <system-err><![CDATA[]]></system-err>
      </testcase>
      <testcase name="Test Cases/DataDriverTesting/DataDrivenFromExcel" time="20.58" classname="Test Cases/DataDriverTesting/DataDrivenFromExcel" status="PASSED">
         <system-out><![CDATA[2020-02-28 19:40:49 - [TEST_CASE][PASSED] - Test Cases/DataDriverTesting/DataDrivenFromExcel: Test Cases/DataDriverTesting/DataDrivenFromExcel

2020-02-28 19:40:49 - [TEST_STEP][PASSED] - openBrowser(""): Browser is opened with url: ''

2020-02-28 19:40:49 - [MESSAGE][INFO] - Starting 'Chrome' driver

2020-02-28 19:40:54 - [MESSAGE][PASSED] - Browser is opened with url: ''

2020-02-28 19:40:54 - [TEST_STEP][PASSED] - navigateToUrl(url): Navigate to 'https://www.facebook.com/' successfully

2020-02-28 19:40:56 - [MESSAGE][PASSED] - Navigate to 'https://www.facebook.com/' successfully

2020-02-28 19:40:56 - [TEST_STEP][PASSED] - maximizeWindow(): Current window maximized

2020-02-28 19:41:00 - [MESSAGE][PASSED] - Current window maximized

2020-02-28 19:41:00 - [TEST_STEP][PASSED] - setText(findTestObject("Page_Facebook - Log In or Sign Up/input_concat(We Couldn  t Create Your Accou_c30576"), username): Text 'bija' is set on object 'Object Repository/Page_Facebook - Log In or Sign Up/input_concat(We Couldn  t Create Your Accou_c30576'

2020-02-28 19:41:00 - [MESSAGE][PASSED] - Text 'bija' is set on object 'Object Repository/Page_Facebook - Log In or Sign Up/input_concat(We Couldn  t Create Your Accou_c30576'

2020-02-28 19:41:00 - [TEST_STEP][PASSED] - delay(2): Delayed 2 second(s)

2020-02-28 19:41:02 - [MESSAGE][PASSED] - Delayed 2 second(s)

2020-02-28 19:41:02 - [TEST_STEP][PASSED] - Thread.sleep(3000): null

2020-02-28 19:41:05 - [TEST_STEP][PASSED] - setText(findTestObject("Page_Facebook - Log In or Sign Up/input_concat(We Couldn  t Create Your Accou_c7a02e"), pwd): Text 'bija123' is set on object 'Object Repository/Page_Facebook - Log In or Sign Up/input_concat(We Couldn  t Create Your Accou_c7a02e'

2020-02-28 19:41:05 - [MESSAGE][PASSED] - Text 'bija123' is set on object 'Object Repository/Page_Facebook - Log In or Sign Up/input_concat(We Couldn  t Create Your Accou_c7a02e'

2020-02-28 19:41:05 - [TEST_STEP][PASSED] - Thread.sleep(3000): null

2020-02-28 19:41:08 - [TEST_STEP][PASSED] - setText(findTestObject("Page_Facebook - Log In or Sign Up/input_concat(We Couldn  t Create Your Accou_b078a3"), "484111525"): Text '484111525' is set on object 'Object Repository/Page_Facebook - Log In or Sign Up/input_concat(We Couldn  t Create Your Accou_b078a3'

2020-02-28 19:41:09 - [MESSAGE][PASSED] - Text '484111525' is set on object 'Object Repository/Page_Facebook - Log In or Sign Up/input_concat(We Couldn  t Create Your Accou_b078a3'

2020-02-28 19:41:09 - [TEST_STEP][PASSED] - closeBrowser(): Browser is closed

2020-02-28 19:41:09 - [MESSAGE][PASSED] - Browser is closed]]></system-out>
         <system-err><![CDATA[]]></system-err>
      </testcase>
      <testcase name="Test Cases/DataDriverTesting/DataDrivenFromExcel" time="20.453" classname="Test Cases/DataDriverTesting/DataDrivenFromExcel" status="PASSED">
         <system-out><![CDATA[2020-02-28 19:41:09 - [TEST_CASE][PASSED] - Test Cases/DataDriverTesting/DataDrivenFromExcel: Test Cases/DataDriverTesting/DataDrivenFromExcel

2020-02-28 19:41:09 - [TEST_STEP][PASSED] - openBrowser(""): Browser is opened with url: ''

2020-02-28 19:41:09 - [MESSAGE][INFO] - Starting 'Chrome' driver

2020-02-28 19:41:14 - [MESSAGE][PASSED] - Browser is opened with url: ''

2020-02-28 19:41:14 - [TEST_STEP][PASSED] - navigateToUrl(url): Navigate to 'https://www.facebook.com/' successfully

2020-02-28 19:41:16 - [MESSAGE][PASSED] - Navigate to 'https://www.facebook.com/' successfully

2020-02-28 19:41:16 - [TEST_STEP][PASSED] - maximizeWindow(): Current window maximized

2020-02-28 19:41:20 - [MESSAGE][PASSED] - Current window maximized

2020-02-28 19:41:20 - [TEST_STEP][PASSED] - setText(findTestObject("Page_Facebook - Log In or Sign Up/input_concat(We Couldn  t Create Your Accou_c30576"), username): Text 'cida' is set on object 'Object Repository/Page_Facebook - Log In or Sign Up/input_concat(We Couldn  t Create Your Accou_c30576'

2020-02-28 19:41:21 - [MESSAGE][PASSED] - Text 'cida' is set on object 'Object Repository/Page_Facebook - Log In or Sign Up/input_concat(We Couldn  t Create Your Accou_c30576'

2020-02-28 19:41:21 - [TEST_STEP][PASSED] - delay(2): Delayed 2 second(s)

2020-02-28 19:41:23 - [MESSAGE][PASSED] - Delayed 2 second(s)

2020-02-28 19:41:23 - [TEST_STEP][PASSED] - Thread.sleep(3000): null

2020-02-28 19:41:26 - [TEST_STEP][PASSED] - setText(findTestObject("Page_Facebook - Log In or Sign Up/input_concat(We Couldn  t Create Your Accou_c7a02e"), pwd): Text 'cida123' is set on object 'Object Repository/Page_Facebook - Log In or Sign Up/input_concat(We Couldn  t Create Your Accou_c7a02e'

2020-02-28 19:41:26 - [MESSAGE][PASSED] - Text 'cida123' is set on object 'Object Repository/Page_Facebook - Log In or Sign Up/input_concat(We Couldn  t Create Your Accou_c7a02e'

2020-02-28 19:41:26 - [TEST_STEP][PASSED] - Thread.sleep(3000): null

2020-02-28 19:41:29 - [TEST_STEP][PASSED] - setText(findTestObject("Page_Facebook - Log In or Sign Up/input_concat(We Couldn  t Create Your Accou_b078a3"), "484111525"): Text '484111525' is set on object 'Object Repository/Page_Facebook - Log In or Sign Up/input_concat(We Couldn  t Create Your Accou_b078a3'

2020-02-28 19:41:29 - [MESSAGE][PASSED] - Text '484111525' is set on object 'Object Repository/Page_Facebook - Log In or Sign Up/input_concat(We Couldn  t Create Your Accou_b078a3'

2020-02-28 19:41:29 - [TEST_STEP][PASSED] - closeBrowser(): Browser is closed

2020-02-28 19:41:30 - [MESSAGE][PASSED] - Browser is closed]]></system-out>
         <system-err><![CDATA[]]></system-err>
      </testcase>
      <system-out><![CDATA[2020-02-28 19:40:27 - [TEST_SUITE][PASSED] - DataDrivenTestSuite: Test Cases/DataDriverTesting/DataDrivenFromExcel]]></system-out>
      <system-err><![CDATA[]]></system-err>
   </testsuite>
</testsuites>
